# JRE version: Java(TM) SE Runtime Environment (8.0_91-b15) (build 1.8.0_91-b15)
# Java VM: Java HotSpot(TM) Client VM (25.91-b15 mixed mode windows-x86 )
Heap:
 def new generation   total 4992K, used 45K [0x04c00000, 0x05160000, 0x0a150000)
  eden space 4480K,   1% used [0x04c00000, 0x04c0b508, 0x05060000)
  from space 512K,   0% used [0x05060000, 0x05060000, 0x050e0000)
  to   space 512K,   0% used [0x050e0000, 0x050e0000, 0x05160000)
 tenured generation   total 10944K, used 2005K [0x0a150000, 0x0ac00000, 0x14c00000)
   the space 10944K,  18% used [0x0a150000, 0x0a3456f0, 0x0a345800, 0x0ac00000)
 Metaspace       used 5751K, capacity 5772K, committed 5888K, reserved 6528K
GC Heap History (10 events):
Event: 0.530 GC heap before
{Heap before GC invocations=2 (full 0):
 def new generation   total 4928K, used 4928K [0x04c00000, 0x05150000, 0x0a150000)
  eden space 4416K, 100% used [0x04c00000, 0x05050000, 0x05050000)
  from space 512K, 100% used [0x05050000, 0x050d0000, 0x050d0000)
  to   space 512K,   0% used [0x050d0000, 0x050d0000, 0x05150000)
 tenured generation   total 10944K, used 827K [0x0a150000, 0x0ac00000, 0x14c00000)
   the space 10944K,   7% used [0x0a150000, 0x0a21eea8, 0x0a21f000, 0x0ac00000)
 Metaspace       used 4491K, capacity 4554K, committed 4608K, reserved 5504K
Event: 0.534 GC heap after
Heap after GC invocations=3 (full 0):
 def new generation   total 4928K, used 512K [0x04c00000, 0x05150000, 0x0a150000)
  eden space 4416K,   0% used [0x04c00000, 0x04c00000, 0x05050000)
  from space 512K, 100% used [0x050d0000, 0x05150000, 0x05150000)
  to   space 512K,   0% used [0x05050000, 0x05050000, 0x050d0000)
 tenured generation   total 10944K, used 1601K [0x0a150000, 0x0ac00000, 0x14c00000)
   the space 10944K,  14% used [0x0a150000, 0x0a2e05f0, 0x0a2e0600, 0x0ac00000)
 Metaspace       used 4491K, capacity 4554K, committed 4608K, reserved 5504K
}
Event: 0.687 GC heap before
{Heap before GC invocations=3 (full 0):
 def new generation   total 4928K, used 4928K [0x04c00000, 0x05150000, 0x0a150000)
  eden space 4416K, 100% used [0x04c00000, 0x05050000, 0x05050000)
  from space 512K, 100% used [0x050d0000, 0x05150000, 0x05150000)
  to   space 512K,   0% used [0x05050000, 0x05050000, 0x050d0000)
 tenured generation   total 10944K, used 1601K [0x0a150000, 0x0ac00000, 0x14c00000)
   the space 10944K,  14% used [0x0a150000, 0x0a2e05f0, 0x0a2e0600, 0x0ac00000)
 Metaspace       used 4836K, capacity 4874K, committed 4992K, reserved 5504K
Event: 0.689 GC heap after
Heap after GC invocations=4 (full 0):
 def new generation   total 4928K, used 512K [0x04c00000, 0x05150000, 0x0a150000)
  eden space 4416K,   0% used [0x04c00000, 0x04c00000, 0x05050000)
  from space 512K, 100% used [0x05050000, 0x050d0000, 0x050d0000)
  to   space 512K,   0% used [0x050d0000, 0x050d0000, 0x05150000)
 tenured generation   total 10944K, used 1798K [0x0a150000, 0x0ac00000, 0x14c00000)
   the space 10944K,  16% used [0x0a150000, 0x0a311950, 0x0a311a00, 0x0ac00000)
 Metaspace       used 4836K, capacity 4874K, committed 4992K, reserved 5504K
}
Event: 0.777 GC heap before
{Heap before GC invocations=4 (full 0):
 def new generation   total 4928K, used 4928K [0x04c00000, 0x05150000, 0x0a150000)
  eden space 4416K, 100% used [0x04c00000, 0x05050000, 0x05050000)
  from space 512K, 100% used [0x05050000, 0x050d0000, 0x050d0000)
  to   space 512K,   0% used [0x050d0000, 0x050d0000, 0x05150000)
 tenured generation   total 10944K, used 1798K [0x0a150000, 0x0ac00000, 0x14c00000)
   the space 10944K,  16% used [0x0a150000, 0x0a311950, 0x0a311a00, 0x0ac00000)
 Metaspace       used 5251K, capacity 5260K, committed 5376K, reserved 5504K
Event: 0.779 GC heap after
Heap after GC invocations=5 (full 0):
 def new generation   total 4928K, used 511K [0x04c00000, 0x05150000, 0x0a150000)
  eden space 4416K,   0% used [0x04c00000, 0x04c00000, 0x05050000)
  from space 512K,  99% used [0x050d0000, 0x0514ff60, 0x05150000)
  to   space 512K,   0% used [0x05050000, 0x05050000, 0x050d0000)
 tenured generation   total 10944K, used 2129K [0x0a150000, 0x0ac00000, 0x14c00000)
   the space 10944K,  19% used [0x0a150000, 0x0a364798, 0x0a364800, 0x0ac00000)
 Metaspace       used 5251K, capacity 5260K, committed 5376K, reserved 5504K
}
Event: 9.579 GC heap before
{Heap before GC invocations=5 (full 0):
 def new generation   total 4928K, used 1399K [0x04c00000, 0x05150000, 0x0a150000)
  eden space 4416K,  20% used [0x04c00000, 0x04cdddc0, 0x05050000)
  from space 512K,  99% used [0x050d0000, 0x0514ff60, 0x05150000)
  to   space 512K,   0% used [0x05050000, 0x05050000, 0x050d0000)
 tenured generation   total 10944K, used 2129K [0x0a150000, 0x0ac00000, 0x14c00000)
   the space 10944K,  19% used [0x0a150000, 0x0a364798, 0x0a364800, 0x0ac00000)
 Metaspace       used 5698K, capacity 5740K, committed 5888K, reserved 6528K
Event: 9.594 GC heap after
Heap after GC invocations=6 (full 1):
 def new generation   total 4992K, used 0K [0x04c00000, 0x05160000, 0x0a150000)
  eden space 4480K,   0% used [0x04c00000, 0x04c00000, 0x05060000)
  from space 512K,   0% used [0x05060000, 0x05060000, 0x050e0000)
  to   space 512K,   0% used [0x050e0000, 0x050e0000, 0x05160000)
 tenured generation   total 10944K, used 2109K [0x0a150000, 0x0ac00000, 0x14c00000)
   the space 10944K,  19% used [0x0a150000, 0x0a35f628, 0x0a35f800, 0x0ac00000)
 Metaspace       used 5698K, capacity 5740K, committed 5888K, reserved 6528K
}
Event: 9.611 GC heap before
{Heap before GC invocations=6 (full 1):
 def new generation   total 4992K, used 224K [0x04c00000, 0x05160000, 0x0a150000)
  eden space 4480K,   5% used [0x04c00000, 0x04c38040, 0x05060000)
  from space 512K,   0% used [0x05060000, 0x05060000, 0x050e0000)
  to   space 512K,   0% used [0x050e0000, 0x050e0000, 0x05160000)
 tenured generation   total 10944K, used 2109K [0x0a150000, 0x0ac00000, 0x14c00000)
   the space 10944K,  19% used [0x0a150000, 0x0a35f628, 0x0a35f800, 0x0ac00000)
 Metaspace       used 5750K, capacity 5772K, committed 5888K, reserved 6528K
Event: 9.619 GC heap after
Heap after GC invocations=7 (full 2):
 def new generation   total 4992K, used 0K [0x04c00000, 0x05160000, 0x0a150000)
  eden space 4480K,   0% used [0x04c00000, 0x04c00000, 0x05060000)
  from space 512K,   0% used [0x05060000, 0x05060000, 0x050e0000)
  to   space 512K,   0% used [0x050e0000, 0x050e0000, 0x05160000)
 tenured generation   total 10944K, used 2084K [0x0a150000, 0x0ac00000, 0x14c00000)
   the space 10944K,  19% used [0x0a150000, 0x0a3593b0, 0x0a359400, 0x0ac00000)
 Metaspace       used 5750K, capacity 5772K, committed 5888K, reserved 6528K
}

