# JRE version: Java(TM) SE Runtime Environment (8.0_91-b15) (build 1.8.0_91-b15)
# Java VM: Java HotSpot(TM) Client VM (25.91-b15 mixed mode, sharing windows-x86 )
Heap:
 def new generation   total 4992K, used 45K [0x04200000, 0x04760000, 0x09750000)
  eden space 4480K,   1% used [0x04200000, 0x0420b4d0, 0x04660000)
  from space 512K,   0% used [0x04660000, 0x04660000, 0x046e0000)
  to   space 512K,   0% used [0x046e0000, 0x046e0000, 0x04760000)
 tenured generation   total 10944K, used 2315K [0x09750000, 0x0a200000, 0x14200000)
   the space 10944K,  21% used [0x09750000, 0x09992c78, 0x09992e00, 0x0a200000)
 Metaspace       used 5476K, capacity 6156K, committed 6272K, reserved 6528K
GC Heap History (10 events):
Event: 6.262 GC heap before
{Heap before GC invocations=5 (full 0):
 def new generation   total 4928K, used 4928K [0x04200000, 0x04750000, 0x09750000)
  eden space 4416K, 100% used [0x04200000, 0x04650000, 0x04650000)
  from space 512K, 100% used [0x046d0000, 0x04750000, 0x04750000)
  to   space 512K,   0% used [0x04650000, 0x04650000, 0x046d0000)
 tenured generation   total 10944K, used 2508K [0x09750000, 0x0a200000, 0x14200000)
   the space 10944K,  22% used [0x09750000, 0x099c33e0, 0x099c3400, 0x0a200000)
 Metaspace       used 4463K, capacity 5295K, committed 5376K, reserved 5504K
Event: 6.266 GC heap after
Heap after GC invocations=6 (full 0):
 def new generation   total 4928K, used 512K [0x04200000, 0x04750000, 0x09750000)
  eden space 4416K,   0% used [0x04200000, 0x04200000, 0x04650000)
  from space 512K, 100% used [0x04650000, 0x046d0000, 0x046d0000)
  to   space 512K,   0% used [0x046d0000, 0x046d0000, 0x04750000)
 tenured generation   total 10944K, used 3628K [0x09750000, 0x0a200000, 0x14200000)
   the space 10944K,  33% used [0x09750000, 0x09adb0d8, 0x09adb200, 0x0a200000)
 Metaspace       used 4463K, capacity 5295K, committed 5376K, reserved 5504K
}
Event: 11.157 GC heap before
{Heap before GC invocations=6 (full 0):
 def new generation   total 4928K, used 4928K [0x04200000, 0x04750000, 0x09750000)
  eden space 4416K, 100% used [0x04200000, 0x04650000, 0x04650000)
  from space 512K, 100% used [0x04650000, 0x046d0000, 0x046d0000)
  to   space 512K,   0% used [0x046d0000, 0x046d0000, 0x04750000)
 tenured generation   total 10944K, used 3628K [0x09750000, 0x0a200000, 0x14200000)
   the space 10944K,  33% used [0x09750000, 0x09adb0d8, 0x09adb200, 0x0a200000)
 Metaspace       used 5156K, capacity 5903K, committed 6016K, reserved 6528K
Event: 11.161 GC heap after
Heap after GC invocations=7 (full 0):
 def new generation   total 4928K, used 512K [0x04200000, 0x04750000, 0x09750000)
  eden space 4416K,   0% used [0x04200000, 0x04200000, 0x04650000)
  from space 512K, 100% used [0x046d0000, 0x04750000, 0x04750000)
  to   space 512K,   0% used [0x04650000, 0x04650000, 0x046d0000)
 tenured generation   total 10944K, used 4423K [0x09750000, 0x0a200000, 0x14200000)
   the space 10944K,  40% used [0x09750000, 0x09ba1cd0, 0x09ba1e00, 0x0a200000)
 Metaspace       used 5156K, capacity 5903K, committed 6016K, reserved 6528K
}
Event: 29.715 GC heap before
{Heap before GC invocations=7 (full 0):
 def new generation   total 4928K, used 4508K [0x04200000, 0x04750000, 0x09750000)
  eden space 4416K,  90% used [0x04200000, 0x045e7078, 0x04650000)
  from space 512K, 100% used [0x046d0000, 0x04750000, 0x04750000)
  to   space 512K,   0% used [0x04650000, 0x04650000, 0x046d0000)
 tenured generation   total 10944K, used 4423K [0x09750000, 0x0a200000, 0x14200000)
   the space 10944K,  40% used [0x09750000, 0x09ba1cd0, 0x09ba1e00, 0x0a200000)
 Metaspace       used 5435K, capacity 6129K, committed 6144K, reserved 6528K
Event: 29.748 GC heap after
Heap after GC invocations=8 (full 1):
 def new generation   total 4992K, used 0K [0x04200000, 0x04760000, 0x09750000)
  eden space 4480K,   0% used [0x04200000, 0x04200000, 0x04660000)
  from space 512K,   0% used [0x04660000, 0x04660000, 0x046e0000)
  to   space 512K,   0% used [0x046e0000, 0x046e0000, 0x04760000)
 tenured generation   total 10944K, used 3950K [0x09750000, 0x0a200000, 0x14200000)
   the space 10944K,  36% used [0x09750000, 0x09b2b848, 0x09b2ba00, 0x0a200000)
 Metaspace       used 5435K, capacity 6129K, committed 6144K, reserved 6528K
}
Event: 29.777 GC heap before
{Heap before GC invocations=8 (full 1):
 def new generation   total 4992K, used 270K [0x04200000, 0x04760000, 0x09750000)
  eden space 4480K,   6% used [0x04200000, 0x04243bf0, 0x04660000)
  from space 512K,   0% used [0x04660000, 0x04660000, 0x046e0000)
  to   space 512K,   0% used [0x046e0000, 0x046e0000, 0x04760000)
 tenured generation   total 10944K, used 3950K [0x09750000, 0x0a200000, 0x14200000)
   the space 10944K,  36% used [0x09750000, 0x09b2b848, 0x09b2ba00, 0x0a200000)
 Metaspace       used 5480K, capacity 6161K, committed 6272K, reserved 6528K
Event: 29.791 GC heap after
Heap after GC invocations=9 (full 2):
 def new generation   total 4992K, used 0K [0x04200000, 0x04760000, 0x09750000)
  eden space 4480K,   0% used [0x04200000, 0x04200000, 0x04660000)
  from space 512K,   0% used [0x04660000, 0x04660000, 0x046e0000)
  to   space 512K,   0% used [0x046e0000, 0x046e0000, 0x04760000)
 tenured generation   total 10944K, used 2372K [0x09750000, 0x0a200000, 0x14200000)
   the space 10944K,  21% used [0x09750000, 0x099a10d8, 0x099a1200, 0x0a200000)
 Metaspace       used 5476K, capacity 6156K, committed 6272K, reserved 6528K
}
Event: 29.793 GC heap before
{Heap before GC invocations=9 (full 2):
 def new generation   total 4992K, used 67K [0x04200000, 0x04760000, 0x09750000)
  eden space 4480K,   1% used [0x04200000, 0x04210e78, 0x04660000)
  from space 512K,   0% used [0x04660000, 0x04660000, 0x046e0000)
  to   space 512K,   0% used [0x046e0000, 0x046e0000, 0x04760000)
 tenured generation   total 10944K, used 2372K [0x09750000, 0x0a200000, 0x14200000)
   the space 10944K,  21% used [0x09750000, 0x099a10d8, 0x099a1200, 0x0a200000)
 Metaspace       used 5476K, capacity 6156K, committed 6272K, reserved 6528K
Event: 29.804 GC heap after
Heap after GC invocations=10 (full 3):
 def new generation   total 4992K, used 0K [0x04200000, 0x04760000, 0x09750000)
  eden space 4480K,   0% used [0x04200000, 0x04200000, 0x04660000)
  from space 512K,   0% used [0x04660000, 0x04660000, 0x046e0000)
  to   space 512K,   0% used [0x046e0000, 0x046e0000, 0x04760000)
 tenured generation   total 10944K, used 2315K [0x09750000, 0x0a200000, 0x14200000)
   the space 10944K,  21% used [0x09750000, 0x09992c78, 0x09992e00, 0x0a200000)
 Metaspace       used 5476K, capacity 6156K, committed 6272K, reserved 6528K
}

