# JRE version: Java(TM) SE Runtime Environment (8.0_91-b15) (build 1.8.0_91-b15)
# Java VM: Java HotSpot(TM) Client VM (25.91-b15 mixed mode windows-x86 )
Heap:
 def new generation   total 4992K, used 90K [0x04c00000, 0x05160000, 0x0a150000)
  eden space 4480K,   2% used [0x04c00000, 0x04c16810, 0x05060000)
  from space 512K,   0% used [0x05060000, 0x05060000, 0x050e0000)
  to   space 512K,   0% used [0x050e0000, 0x050e0000, 0x05160000)
 tenured generation   total 10944K, used 2903K [0x0a150000, 0x0ac00000, 0x14c00000)
   the space 10944K,  26% used [0x0a150000, 0x0a425e10, 0x0a417c00, 0x0ac00000)
 Metaspace       used 8397K, capacity 8439K, committed 8576K, reserved 8576K
GC Heap History (10 events):
Event: 7.674 GC heap before
{Heap before GC invocations=3 (full 0):
 def new generation   total 4928K, used 4928K [0x04c00000, 0x05150000, 0x0a150000)
  eden space 4416K, 100% used [0x04c00000, 0x05050000, 0x05050000)
  from space 512K, 100% used [0x050d0000, 0x05150000, 0x05150000)
  to   space 512K,   0% used [0x05050000, 0x05050000, 0x050d0000)
 tenured generation   total 10944K, used 2309K [0x0a150000, 0x0ac00000, 0x14c00000)
   the space 10944K,  21% used [0x0a150000, 0x0a3917e8, 0x0a391800, 0x0ac00000)
 Metaspace       used 6402K, capacity 6452K, committed 6528K, reserved 6528K
Event: 7.679 GC heap after
Heap after GC invocations=4 (full 0):
 def new generation   total 4928K, used 512K [0x04c00000, 0x05150000, 0x0a150000)
  eden space 4416K,   0% used [0x04c00000, 0x04c00000, 0x05050000)
  from space 512K, 100% used [0x05050000, 0x050d0000, 0x050d0000)
  to   space 512K,   0% used [0x050d0000, 0x050d0000, 0x05150000)
 tenured generation   total 10944K, used 3067K [0x0a150000, 0x0ac00000, 0x14c00000)
   the space 10944K,  28% used [0x0a150000, 0x0a44eff0, 0x0a44f000, 0x0ac00000)
 Metaspace       used 6402K, capacity 6452K, committed 6528K, reserved 6528K
}
Event: 7.833 GC heap before
{Heap before GC invocations=4 (full 0):
 def new generation   total 4928K, used 4928K [0x04c00000, 0x05150000, 0x0a150000)
  eden space 4416K, 100% used [0x04c00000, 0x05050000, 0x05050000)
  from space 512K, 100% used [0x05050000, 0x050d0000, 0x050d0000)
  to   space 512K,   0% used [0x050d0000, 0x050d0000, 0x05150000)
 tenured generation   total 10944K, used 3067K [0x0a150000, 0x0ac00000, 0x14c00000)
   the space 10944K,  28% used [0x0a150000, 0x0a44eff0, 0x0a44f000, 0x0ac00000)
 Metaspace       used 7661K, capacity 7671K, committed 7808K, reserved 8576K
Event: 7.837 GC heap after
Heap after GC invocations=5 (full 0):
 def new generation   total 4928K, used 512K [0x04c00000, 0x05150000, 0x0a150000)
  eden space 4416K,   0% used [0x04c00000, 0x04c00000, 0x05050000)
  from space 512K, 100% used [0x050d0000, 0x05150000, 0x05150000)
  to   space 512K,   0% used [0x05050000, 0x05050000, 0x050d0000)
 tenured generation   total 10944K, used 4301K [0x0a150000, 0x0ac00000, 0x14c00000)
   the space 10944K,  39% used [0x0a150000, 0x0a583728, 0x0a583800, 0x0ac00000)
 Metaspace       used 7661K, capacity 7671K, committed 7808K, reserved 8576K
}
Event: 10.432 GC heap before
{Heap before GC invocations=5 (full 0):
 def new generation   total 4928K, used 4928K [0x04c00000, 0x05150000, 0x0a150000)
  eden space 4416K, 100% used [0x04c00000, 0x05050000, 0x05050000)
  from space 512K, 100% used [0x050d0000, 0x05150000, 0x05150000)
  to   space 512K,   0% used [0x05050000, 0x05050000, 0x050d0000)
 tenured generation   total 10944K, used 4301K [0x0a150000, 0x0ac00000, 0x14c00000)
   the space 10944K,  39% used [0x0a150000, 0x0a583728, 0x0a583800, 0x0ac00000)
 Metaspace       used 8061K, capacity 8119K, committed 8192K, reserved 8576K
Event: 10.435 GC heap after
Heap after GC invocations=6 (full 0):
 def new generation   total 4928K, used 512K [0x04c00000, 0x05150000, 0x0a150000)
  eden space 4416K,   0% used [0x04c00000, 0x04c00000, 0x05050000)
  from space 512K, 100% used [0x05050000, 0x050d0000, 0x050d0000)
  to   space 512K,   0% used [0x050d0000, 0x050d0000, 0x05150000)
 tenured generation   total 10944K, used 4843K [0x0a150000, 0x0ac00000, 0x14c00000)
   the space 10944K,  44% used [0x0a150000, 0x0a60af48, 0x0a60b000, 0x0ac00000)
 Metaspace       used 8061K, capacity 8119K, committed 8192K, reserved 8576K
}
Event: 18.107 GC heap before
{Heap before GC invocations=6 (full 0):
 def new generation   total 4928K, used 3187K [0x04c00000, 0x05150000, 0x0a150000)
  eden space 4416K,  60% used [0x04c00000, 0x04e9ce18, 0x05050000)
  from space 512K, 100% used [0x05050000, 0x050d0000, 0x050d0000)
  to   space 512K,   0% used [0x050d0000, 0x050d0000, 0x05150000)
 tenured generation   total 10944K, used 4843K [0x0a150000, 0x0ac00000, 0x14c00000)
   the space 10944K,  44% used [0x0a150000, 0x0a60af48, 0x0a60b000, 0x0ac00000)
 Metaspace       used 8352K, capacity 8375K, committed 8448K, reserved 8576K
Event: 18.127 GC heap after
Heap after GC invocations=7 (full 1):
 def new generation   total 4992K, used 0K [0x04c00000, 0x05160000, 0x0a150000)
  eden space 4480K,   0% used [0x04c00000, 0x04c00000, 0x05060000)
  from space 512K,   0% used [0x05060000, 0x05060000, 0x050e0000)
  to   space 512K,   0% used [0x050e0000, 0x050e0000, 0x05160000)
 tenured generation   total 10944K, used 3486K [0x0a150000, 0x0ac00000, 0x14c00000)
   the space 10944K,  31% used [0x0a150000, 0x0a4b7b18, 0x0a4b7c00, 0x0ac00000)
 Metaspace       used 8352K, capacity 8375K, committed 8448K, reserved 8576K
}
Event: 18.156 GC heap before
{Heap before GC invocations=7 (full 1):
 def new generation   total 4992K, used 228K [0x04c00000, 0x05160000, 0x0a150000)
  eden space 4480K,   5% used [0x04c00000, 0x04c39030, 0x05060000)
  from space 512K,   0% used [0x05060000, 0x05060000, 0x050e0000)
  to   space 512K,   0% used [0x050e0000, 0x050e0000, 0x05160000)
 tenured generation   total 10944K, used 3486K [0x0a150000, 0x0ac00000, 0x14c00000)
   the space 10944K,  31% used [0x0a150000, 0x0a4b7b18, 0x0a4b7c00, 0x0ac00000)
 Metaspace       used 8397K, capacity 8439K, committed 8576K, reserved 8576K
Event: 18.175 GC heap after
Heap after GC invocations=8 (full 2):
 def new generation   total 4992K, used 0K [0x04c00000, 0x05160000, 0x0a150000)
  eden space 4480K,   0% used [0x04c00000, 0x04c00000, 0x05060000)
  from space 512K,   0% used [0x05060000, 0x05060000, 0x050e0000)
  to   space 512K,   0% used [0x050e0000, 0x050e0000, 0x05160000)
 tenured generation   total 10944K, used 2903K [0x0a150000, 0x0ac00000, 0x14c00000)
   the space 10944K,  26% used [0x0a150000, 0x0a425e10, 0x0a426000, 0x0ac00000)
 Metaspace       used 8397K, capacity 8439K, committed 8576K, reserved 8576K
}

