# JRE version: Java(TM) SE Runtime Environment (8.0_91-b15) (build 1.8.0_91-b15)
# Java VM: Java HotSpot(TM) Client VM (25.91-b15 mixed mode, sharing windows-x86 )
Heap:
 def new generation   total 4992K, used 45K [0x04200000, 0x04760000, 0x09750000)
  eden space 4480K,   1% used [0x04200000, 0x0420b508, 0x04660000)
  from space 512K,   0% used [0x04660000, 0x04660000, 0x046e0000)
  to   space 512K,   0% used [0x046e0000, 0x046e0000, 0x04760000)
 tenured generation   total 10944K, used 1757K [0x09750000, 0x0a200000, 0x14200000)
   the space 10944K,  16% used [0x09750000, 0x09907760, 0x09907800, 0x0a200000)
 Metaspace       used 3353K, capacity 4706K, committed 4736K, reserved 5504K
GC Heap History (10 events):
Event: 0.726 GC heap before
{Heap before GC invocations=1 (full 0):
 def new generation   total 4928K, used 4928K [0x04200000, 0x04750000, 0x09750000)
  eden space 4416K, 100% used [0x04200000, 0x04650000, 0x04650000)
  from space 512K, 100% used [0x046d0000, 0x04750000, 0x04750000)
  to   space 512K,   0% used [0x04650000, 0x04650000, 0x046d0000)
 tenured generation   total 10944K, used 855K [0x09750000, 0x0a200000, 0x14200000)
   the space 10944K,   7% used [0x09750000, 0x09825d10, 0x09825e00, 0x0a200000)
 Metaspace       used 2480K, capacity 3938K, committed 4032K, reserved 4480K
Event: 0.729 GC heap after
Heap after GC invocations=2 (full 0):
 def new generation   total 4928K, used 512K [0x04200000, 0x04750000, 0x09750000)
  eden space 4416K,   0% used [0x04200000, 0x04200000, 0x04650000)
  from space 512K, 100% used [0x04650000, 0x046d0000, 0x046d0000)
  to   space 512K,   0% used [0x046d0000, 0x046d0000, 0x04750000)
 tenured generation   total 10944K, used 1738K [0x09750000, 0x0a200000, 0x14200000)
   the space 10944K,  15% used [0x09750000, 0x09902be0, 0x09902c00, 0x0a200000)
 Metaspace       used 2480K, capacity 3938K, committed 4032K, reserved 4480K
}
Event: 1.208 GC heap before
{Heap before GC invocations=2 (full 0):
 def new generation   total 4928K, used 4928K [0x04200000, 0x04750000, 0x09750000)
  eden space 4416K, 100% used [0x04200000, 0x04650000, 0x04650000)
  from space 512K, 100% used [0x04650000, 0x046d0000, 0x046d0000)
  to   space 512K,   0% used [0x046d0000, 0x046d0000, 0x04750000)
 tenured generation   total 10944K, used 1738K [0x09750000, 0x0a200000, 0x14200000)
   the space 10944K,  15% used [0x09750000, 0x09902be0, 0x09902c00, 0x0a200000)
 Metaspace       used 2840K, capacity 4290K, committed 4416K, reserved 4480K
Event: 1.210 GC heap after
Heap after GC invocations=3 (full 0):
 def new generation   total 4928K, used 512K [0x04200000, 0x04750000, 0x09750000)
  eden space 4416K,   0% used [0x04200000, 0x04200000, 0x04650000)
  from space 512K, 100% used [0x046d0000, 0x04750000, 0x04750000)
  to   space 512K,   0% used [0x04650000, 0x04650000, 0x046d0000)
 tenured generation   total 10944K, used 2003K [0x09750000, 0x0a200000, 0x14200000)
   the space 10944K,  18% used [0x09750000, 0x09944c18, 0x09944e00, 0x0a200000)
 Metaspace       used 2840K, capacity 4290K, committed 4416K, reserved 4480K
}
Event: 19.027 GC heap before
{Heap before GC invocations=3 (full 0):
 def new generation   total 4928K, used 4928K [0x04200000, 0x04750000, 0x09750000)
  eden space 4416K, 100% used [0x04200000, 0x04650000, 0x04650000)
  from space 512K, 100% used [0x046d0000, 0x04750000, 0x04750000)
  to   space 512K,   0% used [0x04650000, 0x04650000, 0x046d0000)
 tenured generation   total 10944K, used 2003K [0x09750000, 0x0a200000, 0x14200000)
   the space 10944K,  18% used [0x09750000, 0x09944c18, 0x09944e00, 0x0a200000)
 Metaspace       used 3308K, capacity 4676K, committed 4736K, reserved 5504K
Event: 19.031 GC heap after
Heap after GC invocations=4 (full 0):
 def new generation   total 4928K, used 512K [0x04200000, 0x04750000, 0x09750000)
  eden space 4416K,   0% used [0x04200000, 0x04200000, 0x04650000)
  from space 512K, 100% used [0x04650000, 0x046d0000, 0x046d0000)
  to   space 512K,   0% used [0x046d0000, 0x046d0000, 0x04750000)
 tenured generation   total 10944K, used 2647K [0x09750000, 0x0a200000, 0x14200000)
   the space 10944K,  24% used [0x09750000, 0x099e5e50, 0x099e6000, 0x0a200000)
 Metaspace       used 3308K, capacity 4676K, committed 4736K, reserved 5504K
}
Event: 26.797 GC heap before
{Heap before GC invocations=4 (full 0):
 def new generation   total 4928K, used 776K [0x04200000, 0x04750000, 0x09750000)
  eden space 4416K,   5% used [0x04200000, 0x042420d0, 0x04650000)
  from space 512K, 100% used [0x04650000, 0x046d0000, 0x046d0000)
  to   space 512K,   0% used [0x046d0000, 0x046d0000, 0x04750000)
 tenured generation   total 10944K, used 2647K [0x09750000, 0x0a200000, 0x14200000)
   the space 10944K,  24% used [0x09750000, 0x099e5e50, 0x099e6000, 0x0a200000)
 Metaspace       used 3309K, capacity 4676K, committed 4736K, reserved 5504K
Event: 26.816 GC heap after
Heap after GC invocations=5 (full 1):
 def new generation   total 4992K, used 0K [0x04200000, 0x04760000, 0x09750000)
  eden space 4480K,   0% used [0x04200000, 0x04200000, 0x04660000)
  from space 512K,   0% used [0x04660000, 0x04660000, 0x046e0000)
  to   space 512K,   0% used [0x046e0000, 0x046e0000, 0x04760000)
 tenured generation   total 10944K, used 2418K [0x09750000, 0x0a200000, 0x14200000)
   the space 10944K,  22% used [0x09750000, 0x099aca08, 0x099acc00, 0x0a200000)
 Metaspace       used 3307K, capacity 4674K, committed 4736K, reserved 5504K
}
Event: 26.838 GC heap before
{Heap before GC invocations=5 (full 1):
 def new generation   total 4992K, used 287K [0x04200000, 0x04760000, 0x09750000)
  eden space 4480K,   6% used [0x04200000, 0x04247fd0, 0x04660000)
  from space 512K,   0% used [0x04660000, 0x04660000, 0x046e0000)
  to   space 512K,   0% used [0x046e0000, 0x046e0000, 0x04760000)
 tenured generation   total 10944K, used 2418K [0x09750000, 0x0a200000, 0x14200000)
   the space 10944K,  22% used [0x09750000, 0x099aca08, 0x099acc00, 0x0a200000)
 Metaspace       used 3352K, capacity 4706K, committed 4736K, reserved 5504K
Event: 26.850 GC heap after
Heap after GC invocations=6 (full 2):
 def new generation   total 4992K, used 0K [0x04200000, 0x04760000, 0x09750000)
  eden space 4480K,   0% used [0x04200000, 0x04200000, 0x04660000)
  from space 512K,   0% used [0x04660000, 0x04660000, 0x046e0000)
  to   space 512K,   0% used [0x046e0000, 0x046e0000, 0x04760000)
 tenured generation   total 10944K, used 1781K [0x09750000, 0x0a200000, 0x14200000)
   the space 10944K,  16% used [0x09750000, 0x0990d608, 0x0990d800, 0x0a200000)
 Metaspace       used 3352K, capacity 4706K, committed 4736K, reserved 5504K
}

