# JRE version: Java(TM) SE Runtime Environment (8.0_91-b15) (build 1.8.0_91-b15)
# Java VM: Java HotSpot(TM) Client VM (25.91-b15 mixed mode, sharing windows-x86 )
Heap:
 def new generation   total 4992K, used 45K [0x04600000, 0x04b60000, 0x09b50000)
  eden space 4480K,   1% used [0x04600000, 0x0460b4d0, 0x04a60000)
  from space 512K,   0% used [0x04a60000, 0x04a60000, 0x04ae0000)
  to   space 512K,   0% used [0x04ae0000, 0x04ae0000, 0x04b60000)
 tenured generation   total 10944K, used 2852K [0x09b50000, 0x0a600000, 0x14600000)
   the space 10944K,  26% used [0x09b50000, 0x09e19080, 0x09e19200, 0x0a600000)
 Metaspace       used 5454K, capacity 6127K, committed 6144K, reserved 6528K
GC Heap History (10 events):
Event: 9.285 GC heap before
{Heap before GC invocations=3 (full 0):
 def new generation   total 4928K, used 4927K [0x04600000, 0x04b50000, 0x09b50000)
  eden space 4416K,  99% used [0x04600000, 0x04a4fda0, 0x04a50000)
  from space 512K, 100% used [0x04ad0000, 0x04b50000, 0x04b50000)
  to   space 512K,   0% used [0x04a50000, 0x04a50000, 0x04ad0000)
 tenured generation   total 10944K, used 2311K [0x09b50000, 0x0a600000, 0x14600000)
   the space 10944K,  21% used [0x09b50000, 0x09d91f40, 0x09d92000, 0x0a600000)
 Metaspace       used 3728K, capacity 4748K, committed 4864K, reserved 5504K
Event: 9.290 GC heap after
Heap after GC invocations=4 (full 0):
 def new generation   total 4928K, used 512K [0x04600000, 0x04b50000, 0x09b50000)
  eden space 4416K,   0% used [0x04600000, 0x04600000, 0x04a50000)
  from space 512K, 100% used [0x04a50000, 0x04ad0000, 0x04ad0000)
  to   space 512K,   0% used [0x04ad0000, 0x04ad0000, 0x04b50000)
 tenured generation   total 10944K, used 3067K [0x09b50000, 0x0a600000, 0x14600000)
   the space 10944K,  28% used [0x09b50000, 0x09e4edc8, 0x09e4ee00, 0x0a600000)
 Metaspace       used 3728K, capacity 4748K, committed 4864K, reserved 5504K
}
Event: 9.720 GC heap before
{Heap before GC invocations=4 (full 0):
 def new generation   total 4928K, used 4928K [0x04600000, 0x04b50000, 0x09b50000)
  eden space 4416K, 100% used [0x04600000, 0x04a50000, 0x04a50000)
  from space 512K, 100% used [0x04a50000, 0x04ad0000, 0x04ad0000)
  to   space 512K,   0% used [0x04ad0000, 0x04ad0000, 0x04b50000)
 tenured generation   total 10944K, used 3067K [0x09b50000, 0x0a600000, 0x14600000)
   the space 10944K,  28% used [0x09b50000, 0x09e4edc8, 0x09e4ee00, 0x0a600000)
 Metaspace       used 4779K, capacity 5519K, committed 5632K, reserved 6528K
Event: 9.724 GC heap after
Heap after GC invocations=5 (full 0):
 def new generation   total 4928K, used 512K [0x04600000, 0x04b50000, 0x09b50000)
  eden space 4416K,   0% used [0x04600000, 0x04600000, 0x04a50000)
  from space 512K, 100% used [0x04ad0000, 0x04b50000, 0x04b50000)
  to   space 512K,   0% used [0x04a50000, 0x04a50000, 0x04ad0000)
 tenured generation   total 10944K, used 4298K [0x09b50000, 0x0a600000, 0x14600000)
   the space 10944K,  39% used [0x09b50000, 0x09f82990, 0x09f82a00, 0x0a600000)
 Metaspace       used 4779K, capacity 5519K, committed 5632K, reserved 6528K
}
Event: 13.600 GC heap before
{Heap before GC invocations=5 (full 0):
 def new generation   total 4928K, used 4928K [0x04600000, 0x04b50000, 0x09b50000)
  eden space 4416K, 100% used [0x04600000, 0x04a50000, 0x04a50000)
  from space 512K, 100% used [0x04ad0000, 0x04b50000, 0x04b50000)
  to   space 512K,   0% used [0x04a50000, 0x04a50000, 0x04ad0000)
 tenured generation   total 10944K, used 4298K [0x09b50000, 0x0a600000, 0x14600000)
   the space 10944K,  39% used [0x09b50000, 0x09f82990, 0x09f82a00, 0x0a600000)
 Metaspace       used 5177K, capacity 5935K, committed 6016K, reserved 6528K
Event: 13.603 GC heap after
Heap after GC invocations=6 (full 0):
 def new generation   total 4928K, used 512K [0x04600000, 0x04b50000, 0x09b50000)
  eden space 4416K,   0% used [0x04600000, 0x04600000, 0x04a50000)
  from space 512K, 100% used [0x04a50000, 0x04ad0000, 0x04ad0000)
  to   space 512K,   0% used [0x04ad0000, 0x04ad0000, 0x04b50000)
 tenured generation   total 10944K, used 4837K [0x09b50000, 0x0a600000, 0x14600000)
   the space 10944K,  44% used [0x09b50000, 0x0a009670, 0x0a009800, 0x0a600000)
 Metaspace       used 5177K, capacity 5935K, committed 6016K, reserved 6528K
}
Event: 17.577 GC heap before
{Heap before GC invocations=6 (full 0):
 def new generation   total 4928K, used 3201K [0x04600000, 0x04b50000, 0x09b50000)
  eden space 4416K,  60% used [0x04600000, 0x048a0560, 0x04a50000)
  from space 512K, 100% used [0x04a50000, 0x04ad0000, 0x04ad0000)
  to   space 512K,   0% used [0x04ad0000, 0x04ad0000, 0x04b50000)
 tenured generation   total 10944K, used 4837K [0x09b50000, 0x0a600000, 0x14600000)
   the space 10944K,  44% used [0x09b50000, 0x0a009670, 0x0a009800, 0x0a600000)
 Metaspace       used 5410K, capacity 6095K, committed 6144K, reserved 6528K
Event: 17.600 GC heap after
Heap after GC invocations=7 (full 1):
 def new generation   total 4992K, used 0K [0x04600000, 0x04b60000, 0x09b50000)
  eden space 4480K,   0% used [0x04600000, 0x04600000, 0x04a60000)
  from space 512K,   0% used [0x04a60000, 0x04a60000, 0x04ae0000)
  to   space 512K,   0% used [0x04ae0000, 0x04ae0000, 0x04b60000)
 tenured generation   total 10944K, used 3487K [0x09b50000, 0x0a600000, 0x14600000)
   the space 10944K,  31% used [0x09b50000, 0x09eb7d20, 0x09eb7e00, 0x0a600000)
 Metaspace       used 5410K, capacity 6095K, committed 6144K, reserved 6528K
}
Event: 17.628 GC heap before
{Heap before GC invocations=7 (full 1):
 def new generation   total 4992K, used 273K [0x04600000, 0x04b60000, 0x09b50000)
  eden space 4480K,   6% used [0x04600000, 0x046445a0, 0x04a60000)
  from space 512K,   0% used [0x04a60000, 0x04a60000, 0x04ae0000)
  to   space 512K,   0% used [0x04ae0000, 0x04ae0000, 0x04b60000)
 tenured generation   total 10944K, used 3487K [0x09b50000, 0x0a600000, 0x14600000)
   the space 10944K,  31% used [0x09b50000, 0x09eb7d20, 0x09eb7e00, 0x0a600000)
 Metaspace       used 5454K, capacity 6127K, committed 6144K, reserved 6528K
Event: 17.645 GC heap after
Heap after GC invocations=8 (full 2):
 def new generation   total 4992K, used 0K [0x04600000, 0x04b60000, 0x09b50000)
  eden space 4480K,   0% used [0x04600000, 0x04600000, 0x04a60000)
  from space 512K,   0% used [0x04a60000, 0x04a60000, 0x04ae0000)
  to   space 512K,   0% used [0x04ae0000, 0x04ae0000, 0x04b60000)
 tenured generation   total 10944K, used 2908K [0x09b50000, 0x0a600000, 0x14600000)
   the space 10944K,  26% used [0x09b50000, 0x09e27138, 0x09e27200, 0x0a600000)
 Metaspace       used 5454K, capacity 6127K, committed 6144K, reserved 6528K
}

