# JRE version: Java(TM) SE Runtime Environment (8.0_91-b15) (build 1.8.0_91-b15)
# Java VM: Java HotSpot(TM) Client VM (25.91-b15 mixed mode windows-x86 )
Heap:
 def new generation   total 4992K, used 95K [0x05000000, 0x05560000, 0x0a550000)
  eden space 4480K,   2% used [0x05000000, 0x05017cf8, 0x05460000)
  from space 512K,   0% used [0x05460000, 0x05460000, 0x054e0000)
  to   space 512K,   0% used [0x054e0000, 0x054e0000, 0x05560000)
 tenured generation   total 10944K, used 2903K [0x0a550000, 0x0b000000, 0x15000000)
   the space 10944K,  26% used [0x0a550000, 0x0a825f10, 0x0a819c00, 0x0b000000)
 Metaspace       used 8399K, capacity 8439K, committed 8576K, reserved 8576K
GC Heap History (10 events):
Event: 7.043 GC heap before
{Heap before GC invocations=3 (full 0):
 def new generation   total 4928K, used 4928K [0x05000000, 0x05550000, 0x0a550000)
  eden space 4416K, 100% used [0x05000000, 0x05450000, 0x05450000)
  from space 512K, 100% used [0x054d0000, 0x05550000, 0x05550000)
  to   space 512K,   0% used [0x05450000, 0x05450000, 0x054d0000)
 tenured generation   total 10944K, used 2321K [0x0a550000, 0x0b000000, 0x15000000)
   the space 10944K,  21% used [0x0a550000, 0x0a794540, 0x0a794600, 0x0b000000)
 Metaspace       used 6404K, capacity 6452K, committed 6528K, reserved 6528K
Event: 7.047 GC heap after
Heap after GC invocations=4 (full 0):
 def new generation   total 4928K, used 512K [0x05000000, 0x05550000, 0x0a550000)
  eden space 4416K,   0% used [0x05000000, 0x05000000, 0x05450000)
  from space 512K, 100% used [0x05450000, 0x054d0000, 0x054d0000)
  to   space 512K,   0% used [0x054d0000, 0x054d0000, 0x05550000)
 tenured generation   total 10944K, used 3086K [0x0a550000, 0x0b000000, 0x15000000)
   the space 10944K,  28% used [0x0a550000, 0x0a8539e0, 0x0a853a00, 0x0b000000)
 Metaspace       used 6404K, capacity 6452K, committed 6528K, reserved 6528K
}
Event: 7.186 GC heap before
{Heap before GC invocations=4 (full 0):
 def new generation   total 4928K, used 4928K [0x05000000, 0x05550000, 0x0a550000)
  eden space 4416K, 100% used [0x05000000, 0x05450000, 0x05450000)
  from space 512K, 100% used [0x05450000, 0x054d0000, 0x054d0000)
  to   space 512K,   0% used [0x054d0000, 0x054d0000, 0x05550000)
 tenured generation   total 10944K, used 3086K [0x0a550000, 0x0b000000, 0x15000000)
   the space 10944K,  28% used [0x0a550000, 0x0a8539e0, 0x0a853a00, 0x0b000000)
 Metaspace       used 7664K, capacity 7703K, committed 7808K, reserved 8576K
Event: 7.190 GC heap after
Heap after GC invocations=5 (full 0):
 def new generation   total 4928K, used 512K [0x05000000, 0x05550000, 0x0a550000)
  eden space 4416K,   0% used [0x05000000, 0x05000000, 0x05450000)
  from space 512K, 100% used [0x054d0000, 0x05550000, 0x05550000)
  to   space 512K,   0% used [0x05450000, 0x05450000, 0x054d0000)
 tenured generation   total 10944K, used 4318K [0x0a550000, 0x0b000000, 0x15000000)
   the space 10944K,  39% used [0x0a550000, 0x0a9879a0, 0x0a987a00, 0x0b000000)
 Metaspace       used 7664K, capacity 7703K, committed 7808K, reserved 8576K
}
Event: 10.241 GC heap before
{Heap before GC invocations=5 (full 0):
 def new generation   total 4928K, used 4928K [0x05000000, 0x05550000, 0x0a550000)
  eden space 4416K, 100% used [0x05000000, 0x05450000, 0x05450000)
  from space 512K, 100% used [0x054d0000, 0x05550000, 0x05550000)
  to   space 512K,   0% used [0x05450000, 0x05450000, 0x054d0000)
 tenured generation   total 10944K, used 4318K [0x0a550000, 0x0b000000, 0x15000000)
   the space 10944K,  39% used [0x0a550000, 0x0a9879a0, 0x0a987a00, 0x0b000000)
 Metaspace       used 8065K, capacity 8119K, committed 8192K, reserved 8576K
Event: 10.244 GC heap after
Heap after GC invocations=6 (full 0):
 def new generation   total 4928K, used 512K [0x05000000, 0x05550000, 0x0a550000)
  eden space 4416K,   0% used [0x05000000, 0x05000000, 0x05450000)
  from space 512K, 100% used [0x05450000, 0x054d0000, 0x054d0000)
  to   space 512K,   0% used [0x054d0000, 0x054d0000, 0x05550000)
 tenured generation   total 10944K, used 4852K [0x0a550000, 0x0b000000, 0x15000000)
   the space 10944K,  44% used [0x0a550000, 0x0aa0d1b8, 0x0aa0d200, 0x0b000000)
 Metaspace       used 8065K, capacity 8119K, committed 8192K, reserved 8576K
}
Event: 11.726 GC heap before
{Heap before GC invocations=6 (full 0):
 def new generation   total 4928K, used 3182K [0x05000000, 0x05550000, 0x0a550000)
  eden space 4416K,  60% used [0x05000000, 0x0529b820, 0x05450000)
  from space 512K, 100% used [0x05450000, 0x054d0000, 0x054d0000)
  to   space 512K,   0% used [0x054d0000, 0x054d0000, 0x05550000)
 tenured generation   total 10944K, used 4852K [0x0a550000, 0x0b000000, 0x15000000)
   the space 10944K,  44% used [0x0a550000, 0x0aa0d1b8, 0x0aa0d200, 0x0b000000)
 Metaspace       used 8359K, capacity 8407K, committed 8448K, reserved 8576K
Event: 11.749 GC heap after
Heap after GC invocations=7 (full 1):
 def new generation   total 4992K, used 0K [0x05000000, 0x05560000, 0x0a550000)
  eden space 4480K,   0% used [0x05000000, 0x05000000, 0x05460000)
  from space 512K,   0% used [0x05460000, 0x05460000, 0x054e0000)
  to   space 512K,   0% used [0x054e0000, 0x054e0000, 0x05560000)
 tenured generation   total 10944K, used 3724K [0x0a550000, 0x0b000000, 0x15000000)
   the space 10944K,  34% used [0x0a550000, 0x0a8f3180, 0x0a8f3200, 0x0b000000)
 Metaspace       used 8359K, capacity 8407K, committed 8448K, reserved 8576K
}
Event: 11.782 GC heap before
{Heap before GC invocations=7 (full 1):
 def new generation   total 4992K, used 273K [0x05000000, 0x05560000, 0x0a550000)
  eden space 4480K,   6% used [0x05000000, 0x05044688, 0x05460000)
  from space 512K,   0% used [0x05460000, 0x05460000, 0x054e0000)
  to   space 512K,   0% used [0x054e0000, 0x054e0000, 0x05560000)
 tenured generation   total 10944K, used 3724K [0x0a550000, 0x0b000000, 0x15000000)
   the space 10944K,  34% used [0x0a550000, 0x0a8f3180, 0x0a8f3200, 0x0b000000)
 Metaspace       used 8398K, capacity 8439K, committed 8576K, reserved 8576K
Event: 11.801 GC heap after
Heap after GC invocations=8 (full 2):
 def new generation   total 4992K, used 0K [0x05000000, 0x05560000, 0x0a550000)
  eden space 4480K,   0% used [0x05000000, 0x05000000, 0x05460000)
  from space 512K,   0% used [0x05460000, 0x05460000, 0x054e0000)
  to   space 512K,   0% used [0x054e0000, 0x054e0000, 0x05560000)
 tenured generation   total 10944K, used 2903K [0x0a550000, 0x0b000000, 0x15000000)
   the space 10944K,  26% used [0x0a550000, 0x0a825f10, 0x0a826000, 0x0b000000)
 Metaspace       used 8398K, capacity 8439K, committed 8576K, reserved 8576K
}

