# JRE version: Java(TM) SE Runtime Environment (8.0_91-b15) (build 1.8.0_91-b15)
# Java VM: Java HotSpot(TM) Client VM (25.91-b15 mixed mode windows-x86 )
Heap:
 def new generation   total 4992K, used 45K [0x04e00000, 0x05360000, 0x0a350000)
  eden space 4480K,   1% used [0x04e00000, 0x04e0b508, 0x05260000)
  from space 512K,   0% used [0x05260000, 0x05260000, 0x052e0000)
  to   space 512K,   0% used [0x052e0000, 0x052e0000, 0x05360000)
 tenured generation   total 10944K, used 2027K [0x0a350000, 0x0ae00000, 0x14e00000)
   the space 10944K,  18% used [0x0a350000, 0x0a54af20, 0x0a54b000, 0x0ae00000)
 Metaspace       used 5791K, capacity 5804K, committed 5888K, reserved 6528K
GC Heap History (10 events):
Event: 0.808 GC heap before
{Heap before GC invocations=2 (full 0):
 def new generation   total 4928K, used 4927K [0x04e00000, 0x05350000, 0x0a350000)
  eden space 4416K, 100% used [0x04e00000, 0x05250000, 0x05250000)
  from space 512K,  99% used [0x05250000, 0x052cff50, 0x052d0000)
  to   space 512K,   0% used [0x052d0000, 0x052d0000, 0x05350000)
 tenured generation   total 10944K, used 816K [0x0a350000, 0x0ae00000, 0x14e00000)
   the space 10944K,   7% used [0x0a350000, 0x0a41c0e0, 0x0a41c200, 0x0ae00000)
 Metaspace       used 4496K, capacity 4554K, committed 4608K, reserved 5504K
Event: 0.811 GC heap after
Heap after GC invocations=3 (full 0):
 def new generation   total 4928K, used 512K [0x04e00000, 0x05350000, 0x0a350000)
  eden space 4416K,   0% used [0x04e00000, 0x04e00000, 0x05250000)
  from space 512K, 100% used [0x052d0000, 0x05350000, 0x05350000)
  to   space 512K,   0% used [0x05250000, 0x05250000, 0x052d0000)
 tenured generation   total 10944K, used 1611K [0x0a350000, 0x0ae00000, 0x14e00000)
   the space 10944K,  14% used [0x0a350000, 0x0a4e2fa8, 0x0a4e3000, 0x0ae00000)
 Metaspace       used 4496K, capacity 4554K, committed 4608K, reserved 5504K
}
Event: 0.948 GC heap before
{Heap before GC invocations=3 (full 0):
 def new generation   total 4928K, used 4928K [0x04e00000, 0x05350000, 0x0a350000)
  eden space 4416K, 100% used [0x04e00000, 0x05250000, 0x05250000)
  from space 512K, 100% used [0x052d0000, 0x05350000, 0x05350000)
  to   space 512K,   0% used [0x05250000, 0x05250000, 0x052d0000)
 tenured generation   total 10944K, used 1611K [0x0a350000, 0x0ae00000, 0x14e00000)
   the space 10944K,  14% used [0x0a350000, 0x0a4e2fa8, 0x0a4e3000, 0x0ae00000)
 Metaspace       used 4842K, capacity 4874K, committed 4992K, reserved 5504K
Event: 0.950 GC heap after
Heap after GC invocations=4 (full 0):
 def new generation   total 4928K, used 512K [0x04e00000, 0x05350000, 0x0a350000)
  eden space 4416K,   0% used [0x04e00000, 0x04e00000, 0x05250000)
  from space 512K, 100% used [0x05250000, 0x052d0000, 0x052d0000)
  to   space 512K,   0% used [0x052d0000, 0x052d0000, 0x05350000)
 tenured generation   total 10944K, used 1816K [0x0a350000, 0x0ae00000, 0x14e00000)
   the space 10944K,  16% used [0x0a350000, 0x0a516008, 0x0a516200, 0x0ae00000)
 Metaspace       used 4842K, capacity 4874K, committed 4992K, reserved 5504K
}
Event: 1.053 GC heap before
{Heap before GC invocations=4 (full 0):
 def new generation   total 4928K, used 4928K [0x04e00000, 0x05350000, 0x0a350000)
  eden space 4416K, 100% used [0x04e00000, 0x05250000, 0x05250000)
  from space 512K, 100% used [0x05250000, 0x052d0000, 0x052d0000)
  to   space 512K,   0% used [0x052d0000, 0x052d0000, 0x05350000)
 tenured generation   total 10944K, used 1816K [0x0a350000, 0x0ae00000, 0x14e00000)
   the space 10944K,  16% used [0x0a350000, 0x0a516008, 0x0a516200, 0x0ae00000)
 Metaspace       used 5466K, capacity 5484K, committed 5632K, reserved 6528K
Event: 1.056 GC heap after
Heap after GC invocations=5 (full 0):
 def new generation   total 4928K, used 512K [0x04e00000, 0x05350000, 0x0a350000)
  eden space 4416K,   0% used [0x04e00000, 0x04e00000, 0x05250000)
  from space 512K, 100% used [0x052d0000, 0x05350000, 0x05350000)
  to   space 512K,   0% used [0x05250000, 0x05250000, 0x052d0000)
 tenured generation   total 10944K, used 2204K [0x0a350000, 0x0ae00000, 0x14e00000)
   the space 10944K,  20% used [0x0a350000, 0x0a577398, 0x0a577400, 0x0ae00000)
 Metaspace       used 5466K, capacity 5484K, committed 5632K, reserved 6528K
}
Event: 12.918 GC heap before
{Heap before GC invocations=5 (full 0):
 def new generation   total 4928K, used 1428K [0x04e00000, 0x05350000, 0x0a350000)
  eden space 4416K,  20% used [0x04e00000, 0x04ee5068, 0x05250000)
  from space 512K, 100% used [0x052d0000, 0x05350000, 0x05350000)
  to   space 512K,   0% used [0x05250000, 0x05250000, 0x052d0000)
 tenured generation   total 10944K, used 2204K [0x0a350000, 0x0ae00000, 0x14e00000)
   the space 10944K,  20% used [0x0a350000, 0x0a577398, 0x0a577400, 0x0ae00000)
 Metaspace       used 5737K, capacity 5772K, committed 5888K, reserved 6528K
Event: 12.937 GC heap after
Heap after GC invocations=6 (full 1):
 def new generation   total 4992K, used 0K [0x04e00000, 0x05360000, 0x0a350000)
  eden space 4480K,   0% used [0x04e00000, 0x04e00000, 0x05260000)
  from space 512K,   0% used [0x05260000, 0x05260000, 0x052e0000)
  to   space 512K,   0% used [0x052e0000, 0x052e0000, 0x05360000)
 tenured generation   total 10944K, used 2159K [0x0a350000, 0x0ae00000, 0x14e00000)
   the space 10944K,  19% used [0x0a350000, 0x0a56bc30, 0x0a56be00, 0x0ae00000)
 Metaspace       used 5737K, capacity 5772K, committed 5888K, reserved 6528K
}
Event: 12.963 GC heap before
{Heap before GC invocations=6 (full 1):
 def new generation   total 4992K, used 223K [0x04e00000, 0x05360000, 0x0a350000)
  eden space 4480K,   4% used [0x04e00000, 0x04e37f88, 0x05260000)
  from space 512K,   0% used [0x05260000, 0x05260000, 0x052e0000)
  to   space 512K,   0% used [0x052e0000, 0x052e0000, 0x05360000)
 tenured generation   total 10944K, used 2159K [0x0a350000, 0x0ae00000, 0x14e00000)
   the space 10944K,  19% used [0x0a350000, 0x0a56bc30, 0x0a56be00, 0x0ae00000)
 Metaspace       used 5790K, capacity 5804K, committed 5888K, reserved 6528K
Event: 12.973 GC heap after
Heap after GC invocations=7 (full 2):
 def new generation   total 4992K, used 0K [0x04e00000, 0x05360000, 0x0a350000)
  eden space 4480K,   0% used [0x04e00000, 0x04e00000, 0x05260000)
  from space 512K,   0% used [0x05260000, 0x05260000, 0x052e0000)
  to   space 512K,   0% used [0x052e0000, 0x052e0000, 0x05360000)
 tenured generation   total 10944K, used 2085K [0x0a350000, 0x0ae00000, 0x14e00000)
   the space 10944K,  19% used [0x0a350000, 0x0a559730, 0x0a559800, 0x0ae00000)
 Metaspace       used 5790K, capacity 5804K, committed 5888K, reserved 6528K
}

