# JRE version: Java(TM) SE Runtime Environment (8.0_91-b15) (build 1.8.0_91-b15)
# Java VM: Java HotSpot(TM) Client VM (25.91-b15 mixed mode windows-x86 )
Heap:
 def new generation   total 4992K, used 45K [0x05000000, 0x05560000, 0x0a550000)
  eden space 4480K,   1% used [0x05000000, 0x0500b508, 0x05460000)
  from space 512K,   0% used [0x05460000, 0x05460000, 0x054e0000)
  to   space 512K,   0% used [0x054e0000, 0x054e0000, 0x05560000)
 tenured generation   total 10944K, used 2033K [0x0a550000, 0x0b000000, 0x15000000)
   the space 10944K,  18% used [0x0a550000, 0x0a74c568, 0x0a74c600, 0x0b000000)
 Metaspace       used 5792K, capacity 5804K, committed 5888K, reserved 6528K
GC Heap History (10 events):
Event: 0.525 GC heap before
{Heap before GC invocations=2 (full 0):
 def new generation   total 4928K, used 4927K [0x05000000, 0x05550000, 0x0a550000)
  eden space 4416K, 100% used [0x05000000, 0x05450000, 0x05450000)
  from space 512K,  99% used [0x05450000, 0x054cfff8, 0x054d0000)
  to   space 512K,   0% used [0x054d0000, 0x054d0000, 0x05550000)
 tenured generation   total 10944K, used 823K [0x0a550000, 0x0b000000, 0x15000000)
   the space 10944K,   7% used [0x0a550000, 0x0a61dff8, 0x0a61e000, 0x0b000000)
 Metaspace       used 4491K, capacity 4554K, committed 4608K, reserved 5504K
Event: 0.529 GC heap after
Heap after GC invocations=3 (full 0):
 def new generation   total 4928K, used 512K [0x05000000, 0x05550000, 0x0a550000)
  eden space 4416K,   0% used [0x05000000, 0x05000000, 0x05450000)
  from space 512K, 100% used [0x054d0000, 0x05550000, 0x05550000)
  to   space 512K,   0% used [0x05450000, 0x05450000, 0x054d0000)
 tenured generation   total 10944K, used 1592K [0x0a550000, 0x0b000000, 0x15000000)
   the space 10944K,  14% used [0x0a550000, 0x0a6de3b8, 0x0a6de400, 0x0b000000)
 Metaspace       used 4491K, capacity 4554K, committed 4608K, reserved 5504K
}
Event: 0.679 GC heap before
{Heap before GC invocations=3 (full 0):
 def new generation   total 4928K, used 4928K [0x05000000, 0x05550000, 0x0a550000)
  eden space 4416K, 100% used [0x05000000, 0x05450000, 0x05450000)
  from space 512K, 100% used [0x054d0000, 0x05550000, 0x05550000)
  to   space 512K,   0% used [0x05450000, 0x05450000, 0x054d0000)
 tenured generation   total 10944K, used 1592K [0x0a550000, 0x0b000000, 0x15000000)
   the space 10944K,  14% used [0x0a550000, 0x0a6de3b8, 0x0a6de400, 0x0b000000)
 Metaspace       used 4835K, capacity 4874K, committed 4992K, reserved 5504K
Event: 0.681 GC heap after
Heap after GC invocations=4 (full 0):
 def new generation   total 4928K, used 512K [0x05000000, 0x05550000, 0x0a550000)
  eden space 4416K,   0% used [0x05000000, 0x05000000, 0x05450000)
  from space 512K, 100% used [0x05450000, 0x054d0000, 0x054d0000)
  to   space 512K,   0% used [0x054d0000, 0x054d0000, 0x05550000)
 tenured generation   total 10944K, used 1792K [0x0a550000, 0x0b000000, 0x15000000)
   the space 10944K,  16% used [0x0a550000, 0x0a710388, 0x0a710400, 0x0b000000)
 Metaspace       used 4835K, capacity 4874K, committed 4992K, reserved 5504K
}
Event: 0.770 GC heap before
{Heap before GC invocations=4 (full 0):
 def new generation   total 4928K, used 4928K [0x05000000, 0x05550000, 0x0a550000)
  eden space 4416K, 100% used [0x05000000, 0x05450000, 0x05450000)
  from space 512K, 100% used [0x05450000, 0x054d0000, 0x054d0000)
  to   space 512K,   0% used [0x054d0000, 0x054d0000, 0x05550000)
 tenured generation   total 10944K, used 1792K [0x0a550000, 0x0b000000, 0x15000000)
   the space 10944K,  16% used [0x0a550000, 0x0a710388, 0x0a710400, 0x0b000000)
 Metaspace       used 5251K, capacity 5260K, committed 5376K, reserved 5504K
Event: 0.772 GC heap after
Heap after GC invocations=5 (full 0):
 def new generation   total 4928K, used 511K [0x05000000, 0x05550000, 0x0a550000)
  eden space 4416K,   0% used [0x05000000, 0x05000000, 0x05450000)
  from space 512K,  99% used [0x054d0000, 0x0554fe88, 0x05550000)
  to   space 512K,   0% used [0x05450000, 0x05450000, 0x054d0000)
 tenured generation   total 10944K, used 2125K [0x0a550000, 0x0b000000, 0x15000000)
   the space 10944K,  19% used [0x0a550000, 0x0a7637a0, 0x0a763800, 0x0b000000)
 Metaspace       used 5251K, capacity 5260K, committed 5376K, reserved 5504K
}
Event: 9.843 GC heap before
{Heap before GC invocations=5 (full 0):
 def new generation   total 4928K, used 1535K [0x05000000, 0x05550000, 0x0a550000)
  eden space 4416K,  23% used [0x05000000, 0x050ffe90, 0x05450000)
  from space 512K,  99% used [0x054d0000, 0x0554fe88, 0x05550000)
  to   space 512K,   0% used [0x05450000, 0x05450000, 0x054d0000)
 tenured generation   total 10944K, used 2125K [0x0a550000, 0x0b000000, 0x15000000)
   the space 10944K,  19% used [0x0a550000, 0x0a7637a0, 0x0a763800, 0x0b000000)
 Metaspace       used 5738K, capacity 5772K, committed 5888K, reserved 6528K
Event: 9.857 GC heap after
Heap after GC invocations=6 (full 1):
 def new generation   total 4992K, used 0K [0x05000000, 0x05560000, 0x0a550000)
  eden space 4480K,   0% used [0x05000000, 0x05000000, 0x05460000)
  from space 512K,   0% used [0x05460000, 0x05460000, 0x054e0000)
  to   space 512K,   0% used [0x054e0000, 0x054e0000, 0x05560000)
 tenured generation   total 10944K, used 2137K [0x0a550000, 0x0b000000, 0x15000000)
   the space 10944K,  19% used [0x0a550000, 0x0a7667e8, 0x0a766800, 0x0b000000)
 Metaspace       used 5738K, capacity 5772K, committed 5888K, reserved 6528K
}
Event: 9.877 GC heap before
{Heap before GC invocations=6 (full 1):
 def new generation   total 4992K, used 223K [0x05000000, 0x05560000, 0x0a550000)
  eden space 4480K,   4% used [0x05000000, 0x05037e88, 0x05460000)
  from space 512K,   0% used [0x05460000, 0x05460000, 0x054e0000)
  to   space 512K,   0% used [0x054e0000, 0x054e0000, 0x05560000)
 tenured generation   total 10944K, used 2137K [0x0a550000, 0x0b000000, 0x15000000)
   the space 10944K,  19% used [0x0a550000, 0x0a7667e8, 0x0a766800, 0x0b000000)
 Metaspace       used 5791K, capacity 5804K, committed 5888K, reserved 6528K
Event: 9.884 GC heap after
Heap after GC invocations=7 (full 2):
 def new generation   total 4992K, used 0K [0x05000000, 0x05560000, 0x0a550000)
  eden space 4480K,   0% used [0x05000000, 0x05000000, 0x05460000)
  from space 512K,   0% used [0x05460000, 0x05460000, 0x054e0000)
  to   space 512K,   0% used [0x054e0000, 0x054e0000, 0x05560000)
 tenured generation   total 10944K, used 2088K [0x0a550000, 0x0b000000, 0x15000000)
   the space 10944K,  19% used [0x0a550000, 0x0a75a158, 0x0a75a200, 0x0b000000)
 Metaspace       used 5791K, capacity 5804K, committed 5888K, reserved 6528K
}

