# JRE version: Java(TM) SE Runtime Environment (8.0_91-b15) (build 1.8.0_91-b15)
# Java VM: Java HotSpot(TM) Client VM (25.91-b15 mixed mode windows-x86 )
Heap:
 def new generation   total 4992K, used 95K [0x05000000, 0x05560000, 0x0a550000)
  eden space 4480K,   2% used [0x05000000, 0x05017cf8, 0x05460000)
  from space 512K,   0% used [0x05460000, 0x05460000, 0x054e0000)
  to   space 512K,   0% used [0x054e0000, 0x054e0000, 0x05560000)
 tenured generation   total 10944K, used 2905K [0x0a550000, 0x0b000000, 0x15000000)
   the space 10944K,  26% used [0x0a550000, 0x0a826508, 0x0a818600, 0x0b000000)
 Metaspace       used 8396K, capacity 8439K, committed 8576K, reserved 8576K
GC Heap History (10 events):
Event: 7.730 GC heap before
{Heap before GC invocations=3 (full 0):
 def new generation   total 4928K, used 4928K [0x05000000, 0x05550000, 0x0a550000)
  eden space 4416K, 100% used [0x05000000, 0x05450000, 0x05450000)
  from space 512K, 100% used [0x054d0000, 0x05550000, 0x05550000)
  to   space 512K,   0% used [0x05450000, 0x05450000, 0x054d0000)
 tenured generation   total 10944K, used 2306K [0x0a550000, 0x0b000000, 0x15000000)
   the space 10944K,  21% used [0x0a550000, 0x0a790968, 0x0a790a00, 0x0b000000)
 Metaspace       used 6401K, capacity 6452K, committed 6528K, reserved 6528K
Event: 7.734 GC heap after
Heap after GC invocations=4 (full 0):
 def new generation   total 4928K, used 512K [0x05000000, 0x05550000, 0x0a550000)
  eden space 4416K,   0% used [0x05000000, 0x05000000, 0x05450000)
  from space 512K, 100% used [0x05450000, 0x054d0000, 0x054d0000)
  to   space 512K,   0% used [0x054d0000, 0x054d0000, 0x05550000)
 tenured generation   total 10944K, used 3067K [0x0a550000, 0x0b000000, 0x15000000)
   the space 10944K,  28% used [0x0a550000, 0x0a84ecb8, 0x0a84ee00, 0x0b000000)
 Metaspace       used 6401K, capacity 6452K, committed 6528K, reserved 6528K
}
Event: 7.873 GC heap before
{Heap before GC invocations=4 (full 0):
 def new generation   total 4928K, used 4928K [0x05000000, 0x05550000, 0x0a550000)
  eden space 4416K, 100% used [0x05000000, 0x05450000, 0x05450000)
  from space 512K, 100% used [0x05450000, 0x054d0000, 0x054d0000)
  to   space 512K,   0% used [0x054d0000, 0x054d0000, 0x05550000)
 tenured generation   total 10944K, used 3067K [0x0a550000, 0x0b000000, 0x15000000)
   the space 10944K,  28% used [0x0a550000, 0x0a84ecb8, 0x0a84ee00, 0x0b000000)
 Metaspace       used 7661K, capacity 7671K, committed 7808K, reserved 8576K
Event: 7.878 GC heap after
Heap after GC invocations=5 (full 0):
 def new generation   total 4928K, used 512K [0x05000000, 0x05550000, 0x0a550000)
  eden space 4416K,   0% used [0x05000000, 0x05000000, 0x05450000)
  from space 512K, 100% used [0x054d0000, 0x05550000, 0x05550000)
  to   space 512K,   0% used [0x05450000, 0x05450000, 0x054d0000)
 tenured generation   total 10944K, used 4303K [0x0a550000, 0x0b000000, 0x15000000)
   the space 10944K,  39% used [0x0a550000, 0x0a983c50, 0x0a983e00, 0x0b000000)
 Metaspace       used 7661K, capacity 7671K, committed 7808K, reserved 8576K
}
Event: 13.110 GC heap before
{Heap before GC invocations=5 (full 0):
 def new generation   total 4928K, used 4928K [0x05000000, 0x05550000, 0x0a550000)
  eden space 4416K, 100% used [0x05000000, 0x05450000, 0x05450000)
  from space 512K, 100% used [0x054d0000, 0x05550000, 0x05550000)
  to   space 512K,   0% used [0x05450000, 0x05450000, 0x054d0000)
 tenured generation   total 10944K, used 4303K [0x0a550000, 0x0b000000, 0x15000000)
   the space 10944K,  39% used [0x0a550000, 0x0a983c50, 0x0a983e00, 0x0b000000)
 Metaspace       used 8062K, capacity 8119K, committed 8192K, reserved 8576K
Event: 13.113 GC heap after
Heap after GC invocations=6 (full 0):
 def new generation   total 4928K, used 512K [0x05000000, 0x05550000, 0x0a550000)
  eden space 4416K,   0% used [0x05000000, 0x05000000, 0x05450000)
  from space 512K, 100% used [0x05450000, 0x054d0000, 0x054d0000)
  to   space 512K,   0% used [0x054d0000, 0x054d0000, 0x05550000)
 tenured generation   total 10944K, used 4846K [0x0a550000, 0x0b000000, 0x15000000)
   the space 10944K,  44% used [0x0a550000, 0x0aa0b8a8, 0x0aa0ba00, 0x0b000000)
 Metaspace       used 8062K, capacity 8119K, committed 8192K, reserved 8576K
}
Event: 14.475 GC heap before
{Heap before GC invocations=6 (full 0):
 def new generation   total 4928K, used 3137K [0x05000000, 0x05550000, 0x0a550000)
  eden space 4416K,  59% used [0x05000000, 0x05290588, 0x05450000)
  from space 512K, 100% used [0x05450000, 0x054d0000, 0x054d0000)
  to   space 512K,   0% used [0x054d0000, 0x054d0000, 0x05550000)
 tenured generation   total 10944K, used 4846K [0x0a550000, 0x0b000000, 0x15000000)
   the space 10944K,  44% used [0x0a550000, 0x0aa0b8a8, 0x0aa0ba00, 0x0b000000)
 Metaspace       used 8353K, capacity 8375K, committed 8448K, reserved 8576K
Event: 14.500 GC heap after
Heap after GC invocations=7 (full 1):
 def new generation   total 4992K, used 0K [0x05000000, 0x05560000, 0x0a550000)
  eden space 4480K,   0% used [0x05000000, 0x05000000, 0x05460000)
  from space 512K,   0% used [0x05460000, 0x05460000, 0x054e0000)
  to   space 512K,   0% used [0x054e0000, 0x054e0000, 0x05560000)
 tenured generation   total 10944K, used 3486K [0x0a550000, 0x0b000000, 0x15000000)
   the space 10944K,  31% used [0x0a550000, 0x0a8b7b28, 0x0a8b7c00, 0x0b000000)
 Metaspace       used 8353K, capacity 8375K, committed 8448K, reserved 8576K
}
Event: 14.534 GC heap before
{Heap before GC invocations=7 (full 1):
 def new generation   total 4992K, used 228K [0x05000000, 0x05560000, 0x0a550000)
  eden space 4480K,   5% used [0x05000000, 0x05039148, 0x05460000)
  from space 512K,   0% used [0x05460000, 0x05460000, 0x054e0000)
  to   space 512K,   0% used [0x054e0000, 0x054e0000, 0x05560000)
 tenured generation   total 10944K, used 3486K [0x0a550000, 0x0b000000, 0x15000000)
   the space 10944K,  31% used [0x0a550000, 0x0a8b7b28, 0x0a8b7c00, 0x0b000000)
 Metaspace       used 8396K, capacity 8439K, committed 8576K, reserved 8576K
Event: 14.552 GC heap after
Heap after GC invocations=8 (full 2):
 def new generation   total 4992K, used 0K [0x05000000, 0x05560000, 0x0a550000)
  eden space 4480K,   0% used [0x05000000, 0x05000000, 0x05460000)
  from space 512K,   0% used [0x05460000, 0x05460000, 0x054e0000)
  to   space 512K,   0% used [0x054e0000, 0x054e0000, 0x05560000)
 tenured generation   total 10944K, used 2905K [0x0a550000, 0x0b000000, 0x15000000)
   the space 10944K,  26% used [0x0a550000, 0x0a826508, 0x0a826600, 0x0b000000)
 Metaspace       used 8396K, capacity 8439K, committed 8576K, reserved 8576K
}

